{"level":"info","message":"hello from aquition","service":"acquisitions-api"}
{"level":"info","message":"::1 - - [20/Sep/2025:06:05:19 +0000] \"GET / HTTP/1.1\" 200 24 \"-\" \"Mozilla/5.0 (Windows NT 10.0; Win64; x64) AppleWebKit/537.36 (KHTML, like Gecko) Chrome/140.0.0.0 Safari/537.36\"","service":"acquisitions-api"}
{"level":"info","message":"::1 - - [20/Sep/2025:06:05:19 +0000] \"GET /favicon.ico HTTP/1.1\" 404 150 \"-\" \"Mozilla/5.0 (Windows NT 10.0; Win64; x64) AppleWebKit/537.36 (KHTML, like Gecko) Chrome/140.0.0.0 Safari/537.36\"","service":"acquisitions-api"}
{"level":"info","message":"hello from aquition","service":"acquisitions-api"}
{"level":"info","message":"::1 - - [20/Sep/2025:06:05:23 +0000] \"GET / HTTP/1.1\" 304 - \"-\" \"Mozilla/5.0 (Windows NT 10.0; Win64; x64) AppleWebKit/537.36 (KHTML, like Gecko) Chrome/140.0.0.0 Safari/537.36\"","service":"acquisitions-api"}
{"level":"info","message":"hello from aquition","service":"acquisitions-api"}
{"level":"info","message":"::1 - - [21/Sep/2025:00:37:01 +0000] \"GET / HTTP/1.1\" 200 24 \"-\" \"Mozilla/5.0 (Windows NT 10.0; Win64; x64) AppleWebKit/537.36 (KHTML, like Gecko) Chrome/140.0.0.0 Safari/537.36 Edg/140.0.0.0\"","service":"acquisitions-api"}
{"level":"info","message":"::1 - - [21/Sep/2025:00:37:34 +0000] \"GET /favicon.ico HTTP/1.1\" 404 150 \"-\" \"Mozilla/5.0 (Windows NT 10.0; Win64; x64) AppleWebKit/537.36 (KHTML, like Gecko) Chrome/140.0.0.0 Safari/537.36 Edg/140.0.0.0\"","service":"acquisitions-api"}
{"level":"info","message":"hello from aquition","service":"acquisitions-api"}
{"level":"info","message":"::1 - - [21/Sep/2025:00:48:48 +0000] \"GET / HTTP/1.1\" 200 24 \"-\" \"PostmanRuntime/7.44.0\"","service":"acquisitions-api"}
{"level":"info","message":"::1 - - [21/Sep/2025:00:49:59 +0000] \"GET /api HTTP/1.1\" 200 42 \"-\" \"PostmanRuntime/7.44.0\"","service":"acquisitions-api"}
{"level":"info","message":"::1 - - [21/Sep/2025:00:51:03 +0000] \"GET /api/auth/sign-in HTTP/1.1\" 404 155 \"-\" \"PostmanRuntime/7.44.0\"","service":"acquisitions-api"}
{"level":"info","message":"::1 - - [21/Sep/2025:00:53:25 +0000] \"GET /api/auth/sign-in HTTP/1.1\" 404 155 \"-\" \"PostmanRuntime/7.44.0\"","service":"acquisitions-api"}
{"level":"info","message":"::1 - - [21/Sep/2025:00:53:38 +0000] \"GET /api/auth/sign-up HTTP/1.1\" 404 155 \"-\" \"PostmanRuntime/7.44.0\"","service":"acquisitions-api"}
{"level":"info","message":"::1 - - [21/Sep/2025:00:54:29 +0000] \"GET /api/auth/sign-up HTTP/1.1\" 404 155 \"-\" \"PostmanRuntime/7.44.0\"","service":"acquisitions-api"}
{"level":"info","message":"::1 - - [21/Sep/2025:00:54:51 +0000] \"POST /api/auth/sign-up HTTP/1.1\" 200 30 \"-\" \"PostmanRuntime/7.44.0\"","service":"acquisitions-api"}
{"level":"info","message":"::1 - - [21/Sep/2025:00:55:01 +0000] \"POST /api/auth/sign-in HTTP/1.1\" 200 30 \"-\" \"PostmanRuntime/7.44.0\"","service":"acquisitions-api"}
{"level":"info","message":"::1 - - [21/Sep/2025:04:11:28 +0000] \"POST /api/auth/sign-up HTTP/1.1\" 400 196 \"-\" \"PostmanRuntime/7.44.0\"","service":"acquisitions-api"}
{"level":"info","message":"::1 - - [21/Sep/2025:04:13:17 +0000] \"POST /api/auth/sign-up HTTP/1.1\" 400 92 \"-\" \"PostmanRuntime/7.44.0\"","service":"acquisitions-api"}
{"level":"info","message":"::1 - - [21/Sep/2025:04:14:06 +0000] \"POST /api/auth/sign-up HTTP/1.1\" 400 92 \"-\" \"PostmanRuntime/7.44.0\"","service":"acquisitions-api"}
{"level":"info","message":"::1 - - [21/Sep/2025:04:14:19 +0000] \"POST /api/auth/sign-up HTTP/1.1\" 400 92 \"-\" \"PostmanRuntime/7.44.0\"","service":"acquisitions-api"}
{"level":"info","message":"::1 - - [21/Sep/2025:04:15:03 +0000] \"POST /api/auth/sign-up HTTP/1.1\" 400 92 \"-\" \"PostmanRuntime/7.44.0\"","service":"acquisitions-api"}
{"level":"info","message":"::1 - - [21/Sep/2025:04:16:57 +0000] \"POST /api/auth/sign-up HTTP/1.1\" 400 92 \"-\" \"PostmanRuntime/7.44.0\"","service":"acquisitions-api"}
{"level":"info","message":"::1 - - [21/Sep/2025:04:47:52 +0000] \"POST /api/auth/sign-up HTTP/1.1\" 400 92 \"-\" \"PostmanRuntime/7.44.0\"","service":"acquisitions-api"}
{"level":"info","message":"::1 - - [21/Sep/2025:04:48:41 +0000] \"POST /api/auth/sign-up HTTP/1.1\" 400 92 \"-\" \"PostmanRuntime/7.44.0\"","service":"acquisitions-api"}
{"level":"info","message":"::1 - - [21/Sep/2025:04:49:27 +0000] \"POST /api/auth/sign-up HTTP/1.1\" 400 92 \"-\" \"PostmanRuntime/7.44.0\"","service":"acquisitions-api"}
{"level":"info","message":"::1 - - [21/Sep/2025:04:54:10 +0000] \"POST /api/auth/sign-up HTTP/1.1\" 400 92 \"-\" \"PostmanRuntime/7.44.0\"","service":"acquisitions-api"}
{"level":"info","message":"::1 - - [21/Sep/2025:04:55:49 +0000] \"POST /api/auth/sign-up HTTP/1.1\" 400 92 \"-\" \"PostmanRuntime/7.44.0\"","service":"acquisitions-api"}
{"level":"error","message":"Error creating the user: Error: Failed query: select \"id\", \"name\", \"email\", \"password\", \"role\", \"created_at\", \"updated_at\" from \"users\" where \"users\".\"email\" = $1 limit $2\nparams: test@example.com,1","service":"acquisitions-api"}
{"cause":{"name":"NeonDbError","sourceError":{"cause":{"code":"ENOTFOUND","errno":-3008,"hostname":"neon-local","syscall":"getaddrinfo"}}},"level":"error","message":"Signup error Failed query: select \"id\", \"name\", \"email\", \"password\", \"role\", \"created_at\", \"updated_at\" from \"users\" where \"users\".\"email\" = $1 limit $2\nparams: test@example.com,1","params":["test@example.com",1],"query":"select \"id\", \"name\", \"email\", \"password\", \"role\", \"created_at\", \"updated_at\" from \"users\" where \"users\".\"email\" = $1 limit $2","service":"acquisitions-api","stack":"Error: Failed query: select \"id\", \"name\", \"email\", \"password\", \"role\", \"created_at\", \"updated_at\" from \"users\" where \"users\".\"email\" = $1 limit $2\nparams: test@example.com,1\n    at NeonHttpPreparedQuery.queryWithCache (file:///C:/Users/novin/Desktop/acquisitions/node_modules/drizzle-orm/pg-core/session.js:41:15)\n    at process.processTicksAndRejections (node:internal/process/task_queues:95:5)\n    at async NeonHttpPreparedQuery.execute (file:///C:/Users/novin/Desktop/acquisitions/node_modules/drizzle-orm/neon-http/session.js:45:20)\n    at async createUser (file:///C:/Users/novin/Desktop/acquisitions/src/services/auth.service.js:32:26)\n    at async signup (file:///C:/Users/novin/Desktop/acquisitions/src/controllers/auth.controller.js:24:18)"}
{"level":"info","message":"::1 - - [21/Sep/2025:04:59:31 +0000] \"POST /api/auth/sign-up HTTP/1.1\" 500 1043 \"-\" \"PostmanRuntime/7.44.0\"","service":"acquisitions-api"}
{"level":"error","message":"Error creating the user: Error: Failed query: select \"id\", \"name\", \"email\", \"password\", \"role\", \"created_at\", \"updated_at\" from \"users\" where \"users\".\"email\" = $1 limit $2\nparams: test@example.com,1","service":"acquisitions-api"}
{"cause":{"name":"NeonDbError","sourceError":{"cause":{"code":"ENOTFOUND","errno":-3008,"hostname":"neon-local","syscall":"getaddrinfo"}}},"level":"error","message":"Signup error Failed query: select \"id\", \"name\", \"email\", \"password\", \"role\", \"created_at\", \"updated_at\" from \"users\" where \"users\".\"email\" = $1 limit $2\nparams: test@example.com,1","params":["test@example.com",1],"query":"select \"id\", \"name\", \"email\", \"password\", \"role\", \"created_at\", \"updated_at\" from \"users\" where \"users\".\"email\" = $1 limit $2","service":"acquisitions-api","stack":"Error: Failed query: select \"id\", \"name\", \"email\", \"password\", \"role\", \"created_at\", \"updated_at\" from \"users\" where \"users\".\"email\" = $1 limit $2\nparams: test@example.com,1\n    at NeonHttpPreparedQuery.queryWithCache (file:///C:/Users/novin/Desktop/acquisitions/node_modules/drizzle-orm/pg-core/session.js:41:15)\n    at process.processTicksAndRejections (node:internal/process/task_queues:95:5)\n    at async NeonHttpPreparedQuery.execute (file:///C:/Users/novin/Desktop/acquisitions/node_modules/drizzle-orm/neon-http/session.js:45:20)\n    at async createUser (file:///C:/Users/novin/Desktop/acquisitions/src/services/auth.service.js:32:26)\n    at async signup (file:///C:/Users/novin/Desktop/acquisitions/src/controllers/auth.controller.js:24:18)"}
{"level":"info","message":"::1 - - [21/Sep/2025:05:03:07 +0000] \"POST /api/auth/sign-up HTTP/1.1\" 500 1043 \"-\" \"PostmanRuntime/7.44.0\"","service":"acquisitions-api"}
{"level":"error","message":"Error creating the user: Error: Failed query: select \"id\", \"name\", \"email\", \"password\", \"role\", \"created_at\", \"updated_at\" from \"users\" where \"users\".\"email\" = $1 limit $2\nparams: test@example.com,1","service":"acquisitions-api"}
{"cause":{"name":"NeonDbError","sourceError":{"cause":{"code":"ENOTFOUND","errno":-3008,"hostname":"neon-local","syscall":"getaddrinfo"}}},"level":"error","message":"Signup error Failed query: select \"id\", \"name\", \"email\", \"password\", \"role\", \"created_at\", \"updated_at\" from \"users\" where \"users\".\"email\" = $1 limit $2\nparams: test@example.com,1","params":["test@example.com",1],"query":"select \"id\", \"name\", \"email\", \"password\", \"role\", \"created_at\", \"updated_at\" from \"users\" where \"users\".\"email\" = $1 limit $2","service":"acquisitions-api","stack":"Error: Failed query: select \"id\", \"name\", \"email\", \"password\", \"role\", \"created_at\", \"updated_at\" from \"users\" where \"users\".\"email\" = $1 limit $2\nparams: test@example.com,1\n    at NeonHttpPreparedQuery.queryWithCache (file:///C:/Users/novin/Desktop/acquisitions/node_modules/drizzle-orm/pg-core/session.js:41:15)\n    at process.processTicksAndRejections (node:internal/process/task_queues:95:5)\n    at async NeonHttpPreparedQuery.execute (file:///C:/Users/novin/Desktop/acquisitions/node_modules/drizzle-orm/neon-http/session.js:45:20)\n    at async createUser (file:///C:/Users/novin/Desktop/acquisitions/src/services/auth.service.js:32:26)\n    at async signup (file:///C:/Users/novin/Desktop/acquisitions/src/controllers/auth.controller.js:24:18)"}
{"level":"info","message":"::1 - - [21/Sep/2025:05:05:01 +0000] \"POST /api/auth/sign-up HTTP/1.1\" 500 1043 \"-\" \"PostmanRuntime/7.44.0\"","service":"acquisitions-api"}
{"level":"info","message":"::1 - - [21/Sep/2025:05:12:00 +0000] \"POST /api/auth/sign-up HTTP/1.1\" 400 92 \"-\" \"curl/8.13.0\"","service":"acquisitions-api"}
{"level":"info","message":"::1 - - [21/Sep/2025:05:12:27 +0000] \"POST /api/auth/sign-up HTTP/1.1\" 400 92 \"-\" \"curl/8.13.0\"","service":"acquisitions-api"}
{"level":"info","message":"::1 - - [21/Sep/2025:05:12:41 +0000] \"POST /api/auth/sign-up HTTP/1.1\" 400 92 \"-\" \"curl/8.13.0\"","service":"acquisitions-api"}
{"level":"info","message":"::1 - - [21/Sep/2025:05:13:11 +0000] \"POST /api/auth/sign-up HTTP/1.1\" 400 92 \"-\" \"curl/8.13.0\"","service":"acquisitions-api"}
{"level":"info","message":"::1 - - [21/Sep/2025:05:13:21 +0000] \"POST /api/auth/sign-up HTTP/1.1\" 400 92 \"-\" \"curl/8.13.0\"","service":"acquisitions-api"}
{"level":"info","message":"::1 - - [21/Sep/2025:05:13:37 +0000] \"POST /api/auth/sign-up HTTP/1.1\" 400 92 \"-\" \"curl/8.13.0\"","service":"acquisitions-api"}
{"level":"info","message":"::1 - - [21/Sep/2025:05:18:36 +0000] \"POST /api HTTP/1.1\" 404 143 \"-\" \"PostmanRuntime/7.44.0\"","service":"acquisitions-api"}
{"level":"info","message":"::1 - - [21/Sep/2025:05:18:43 +0000] \"POST /api/ HTTP/1.1\" 404 144 \"-\" \"PostmanRuntime/7.44.0\"","service":"acquisitions-api"}
{"level":"info","message":"::1 - - [21/Sep/2025:05:18:51 +0000] \"POST / HTTP/1.1\" 404 140 \"-\" \"PostmanRuntime/7.44.0\"","service":"acquisitions-api"}
{"level":"info","message":"hello from aquition","service":"acquisitions-api"}
{"level":"info","message":"::1 - - [21/Sep/2025:05:18:54 +0000] \"GET / HTTP/1.1\" 200 24 \"-\" \"PostmanRuntime/7.44.0\"","service":"acquisitions-api"}
{"level":"info","message":"::1 - - [21/Sep/2025:05:19:01 +0000] \"GET /api HTTP/1.1\" 200 42 \"-\" \"PostmanRuntime/7.44.0\"","service":"acquisitions-api"}
{"level":"info","message":"::1 - - [21/Sep/2025:05:19:09 +0000] \"GET /api/auth HTTP/1.1\" 404 147 \"-\" \"PostmanRuntime/7.44.0\"","service":"acquisitions-api"}
{"level":"info","message":"::1 - - [21/Sep/2025:05:19:15 +0000] \"POST /api/ HTTP/1.1\" 404 144 \"-\" \"PostmanRuntime/7.44.0\"","service":"acquisitions-api"}
{"level":"info","message":"::1 - - [21/Sep/2025:05:19:22 +0000] \"GET /api/auth/sign-up HTTP/1.1\" 404 155 \"-\" \"PostmanRuntime/7.44.0\"","service":"acquisitions-api"}
{"level":"info","message":"::1 - - [21/Sep/2025:05:19:36 +0000] \"GET /api/auth/sign-up HTTP/1.1\" 404 155 \"-\" \"PostmanRuntime/7.44.0\"","service":"acquisitions-api"}
{"level":"info","message":"::1 - - [21/Sep/2025:05:19:57 +0000] \"GET /api/auth/sign-up HTTP/1.1\" 404 155 \"-\" \"PostmanRuntime/7.44.0\"","service":"acquisitions-api"}
{"level":"info","message":"::ffff:127.0.0.1 - - [21/Sep/2025:06:05:46 +0000] \"GET /api/ HTTP/1.1\" 200 42 \"-\" \"Thunder Client (https://www.thunderclient.com)\"","service":"acquisitions-api"}
{"level":"error","message":"Error creating the user: Error: Failed query: select \"id\", \"name\", \"email\", \"password\", \"role\", \"created_at\", \"updated_at\" from \"users\" where \"users\".\"email\" = $1 limit $2\nparams: test@example.com,1","service":"acquisitions-api"}
{"cause":{"name":"NeonDbError","sourceError":{}},"level":"error","message":"Signup error Failed query: select \"id\", \"name\", \"email\", \"password\", \"role\", \"created_at\", \"updated_at\" from \"users\" where \"users\".\"email\" = $1 limit $2\nparams: test@example.com,1","params":["test@example.com",1],"query":"select \"id\", \"name\", \"email\", \"password\", \"role\", \"created_at\", \"updated_at\" from \"users\" where \"users\".\"email\" = $1 limit $2","service":"acquisitions-api","stack":"Error: Failed query: select \"id\", \"name\", \"email\", \"password\", \"role\", \"created_at\", \"updated_at\" from \"users\" where \"users\".\"email\" = $1 limit $2\nparams: test@example.com,1\n    at NeonHttpPreparedQuery.queryWithCache (file:///C:/Users/Administrator/Desktop/acquisitions/node_modules/drizzle-orm/pg-core/session.js:41:15)\n    at process.processTicksAndRejections (node:internal/process/task_queues:105:5)\n    at async NeonHttpPreparedQuery.execute (file:///C:/Users/Administrator/Desktop/acquisitions/node_modules/drizzle-orm/neon-http/session.js:45:20)\n    at async createUser (file:///C:/Users/Administrator/Desktop/acquisitions/src/services/auth.service.js:32:26)\n    at async signup (file:///C:/Users/Administrator/Desktop/acquisitions/src/controllers/auth.controller.js:24:18)"}
{"level":"info","message":"::ffff:127.0.0.1 - - [21/Sep/2025:06:07:37 +0000] \"POST /api/auth/sign-up HTTP/1.1\" 500 1076 \"-\" \"Thunder Client (https://www.thunderclient.com)\"","service":"acquisitions-api"}
{"level":"info","message":"User test@example.com created successfully","service":"acquisitions-api"}
{"level":"info","message":"User registered successfully: test@example.com","service":"acquisitions-api"}
{"level":"info","message":"::ffff:127.0.0.1 - - [21/Sep/2025:06:14:23 +0000] \"POST /api/auth/sign-up HTTP/1.1\" 201 104 \"-\" \"curl/7.83.1\"","service":"acquisitions-api"}
{"level":"error","message":"Error creating the user: Error: User with this email already exists","service":"acquisitions-api"}
{"level":"error","message":"Signup error User with this email already exists","service":"acquisitions-api","stack":"Error: User with this email already exists\n    at createUser (file:///C:/Users/Administrator/Desktop/acquisitions/src/services/auth.service.js:39:13)\n    at process.processTicksAndRejections (node:internal/process/task_queues:105:5)\n    at async signup (file:///C:/Users/Administrator/Desktop/acquisitions/src/controllers/auth.controller.js:24:18)"}
{"level":"info","message":"::ffff:127.0.0.1 - - [21/Sep/2025:06:21:19 +0000] \"POST /api/auth/sign-up HTTP/1.1\" 409 31 \"-\" \"Thunder Client (https://www.thunderclient.com)\"","service":"acquisitions-api"}
{"level":"info","message":"User test@example.com authenticated successfully","service":"acquisitions-api"}
{"level":"info","message":"User signed in successfully: test@example.com","service":"acquisitions-api"}
{"level":"info","message":"::ffff:127.0.0.1 - - [21/Sep/2025:06:22:19 +0000] \"POST /api/auth/sign-in HTTP/1.1\" 200 116 \"-\" \"Thunder Client (https://www.thunderclient.com)\"","service":"acquisitions-api"}
